Thu Feb 27 11:06:22 +0000 2025 - Executing "{openroad -exit -no_init -python /openlane/scripts/odbpy/lefutil.py get_metal_layers -o /openlane/designs/new/runs/run1/tmp/layers.list /home/codespace/.volare/sky130A/libs.ref/sky130_fd_sc_hd/techlef/sky130_fd_sc_hd__nom.tlef}"

Thu Feb 27 11:06:23 +0000 2025 - Executing "{/openlane/scripts/mergeLef.py -o /openlane/designs/new/runs/run1/tmp/merged.nom.lef -i /home/codespace/.volare/sky130A/libs.ref/sky130_fd_sc_hd/techlef/sky130_fd_sc_hd__nom.tlef {/home/codespace/.volare/sky130A/libs.ref/sky130_fd_sc_hd/lef/sky130_fd_sc_hd.lef /home/codespace/.volare/sky130A/libs.ref/sky130_fd_sc_hd/lef/sky130_ef_sc_hd.lef} |& tee /dev/null}"

Thu Feb 27 11:06:23 +0000 2025 - Executing "{/openlane/scripts/mergeLef.py -o /openlane/designs/new/runs/run1/tmp/merged.min.lef -i /home/codespace/.volare/sky130A/libs.ref/sky130_fd_sc_hd/techlef/sky130_fd_sc_hd__min.tlef {/home/codespace/.volare/sky130A/libs.ref/sky130_fd_sc_hd/lef/sky130_fd_sc_hd.lef /home/codespace/.volare/sky130A/libs.ref/sky130_fd_sc_hd/lef/sky130_ef_sc_hd.lef} |& tee /dev/null}"

Thu Feb 27 11:06:23 +0000 2025 - Executing "{/openlane/scripts/mergeLef.py -o /openlane/designs/new/runs/run1/tmp/merged.max.lef -i /home/codespace/.volare/sky130A/libs.ref/sky130_fd_sc_hd/techlef/sky130_fd_sc_hd__max.tlef {/home/codespace/.volare/sky130A/libs.ref/sky130_fd_sc_hd/lef/sky130_fd_sc_hd.lef /home/codespace/.volare/sky130A/libs.ref/sky130_fd_sc_hd/lef/sky130_ef_sc_hd.lef} |& tee /dev/null}"

Thu Feb 27 11:06:23 +0000 2025 - Executing "{python3 /openlane/scripts/mergeLib.py --output /openlane/designs/new/runs/run1/tmp/synthesis/merged.lib --name sky130A_merged /home/codespace/.volare/sky130A/libs.ref/sky130_fd_sc_hd/lib/sky130_fd_sc_hd__tt_025C_1v80.lib}"

Thu Feb 27 11:06:23 +0000 2025 - Executing "{python3 /openlane/scripts/libtrim.py --cell-file /openlane/designs/new/runs/run1/tmp/synthesis/trimmed.lib.exclude.list --output /openlane/designs/new/runs/run1/tmp/synthesis/trimmed.lib /openlane/designs/new/runs/run1/tmp/synthesis/merged.lib}"

Thu Feb 27 11:06:23 +0000 2025 - Executing "{python3 /openlane/scripts/libtrim.py --cell-file /openlane/designs/new/runs/run1/tmp/cts/cts.lib.exclude.list --output /openlane/designs/new/runs/run1/tmp/cts/cts.lib /home/codespace/.volare/sky130A/libs.ref/sky130_fd_sc_hd/lib/sky130_fd_sc_hd__tt_025C_1v80.lib}"

Thu Feb 27 11:06:23 +0000 2025 - Executing "{python3 /openlane/scripts/libtrim.py --cell-file /openlane/designs/new/runs/run1/tmp/cts/cts-fastest.lib.exclude.list --output /openlane/designs/new/runs/run1/tmp/cts/cts-fastest.lib /home/codespace/.volare/sky130A/libs.ref/sky130_fd_sc_hd/lib/sky130_fd_sc_hd__ff_n40C_1v95.lib}"

Thu Feb 27 11:06:24 +0000 2025 - Executing "{python3 /openlane/scripts/libtrim.py --cell-file /openlane/designs/new/runs/run1/tmp/cts/cts-slowest.lib.exclude.list --output /openlane/designs/new/runs/run1/tmp/cts/cts-slowest.lib /home/codespace/.volare/sky130A/libs.ref/sky130_fd_sc_hd/lib/sky130_fd_sc_hd__ss_100C_1v60.lib}"

Thu Feb 27 11:06:24 +0000 2025 - Executing "{python3 /openlane/scripts/new_tracks.py -i /home/codespace/.volare/sky130A/libs.tech/openlane/sky130_fd_sc_hd/tracks.info -o /openlane/designs/new/runs/run1/tmp/routing/config.tracks}"

Thu Feb 27 11:06:24 +0000 2025 - Executing "{echo {OpenLane e73fb3c57e687a0023fcd4dcfd1566ecd478362a} > /openlane/designs/new/runs/run1/OPENLANE_COMMIT}"

Thu Feb 27 11:06:56 +0000 2025 - Executing "{sed -E {s/^([[:space:]]+)pg_pin(.*)/\1pin\2\n\1    direction : "inout";/g} /home/codespace/.volare/sky130A/libs.ref/sky130_fd_sc_hd/lib/sky130_fd_sc_hd__tt_025C_1v80.lib > /openlane/designs/new/runs/run1/tmp/synthesis/1-sky130_fd_sc_hd__tt_025C_1v80.no_pg.lib}"

Thu Feb 27 11:06:57 +0000 2025 - Executing "{sed -E {s/^([[:space:]]+)pg_pin(.*)/\1pin\2\n\1    direction : "inout";/g} /openlane/designs/new/runs/run1/tmp/synthesis/trimmed.lib > /openlane/designs/new/runs/run1/tmp/synthesis/1-trimmed.no_pg.lib}"

Thu Feb 27 11:06:57 +0000 2025 - Executing "yosys -c /openlane/scripts/yosys/synth.tcl |& tee /dev/null /openlane/designs/new/runs/run1/logs/synthesis/1-synthesis.log"

Thu Feb 27 11:06:57 +0000 2025 - Executing "{yosys -c /openlane/scripts/yosys/synth.tcl |& tee /dev/null /openlane/designs/new/runs/run1/logs/synthesis/1-synthesis.log}"

Thu Feb 27 11:06:57 +0000 2025 - Executing "{sed -i.bak -e {s/\(set ::env(CURRENT_NETLIST)\).*/\1 \/openlane\/designs\/new\/runs\/run1\/results\/synthesis\/new.v/} /openlane/designs/new/runs/run1/config.tcl}"

Thu Feb 27 11:06:57 +0000 2025 - Executing "{sed -i.bak /defparam/d /openlane/designs/new/runs/run1/results/synthesis/new.v}"

Thu Feb 27 11:06:57 +0000 2025 - Executing "sta -exit -no_init /openlane/scripts/openroad/sta/multi_corner.tcl |& tee /dev/null /openlane/designs/new/runs/run1/logs/synthesis/2-sta.log"

Thu Feb 27 11:06:57 +0000 2025 - Executing "{sta -exit -no_init /openlane/scripts/openroad/sta/multi_corner.tcl |& tee /dev/null /openlane/designs/new/runs/run1/logs/synthesis/2-sta.log}"

Thu Feb 27 11:07:11 +0000 2025 - Executing "openroad -exit /openlane/scripts/openroad/floorplan.tcl |& tee /dev/null /openlane/designs/new/runs/run1/logs/floorplan/3-initial_fp.log"

Thu Feb 27 11:07:11 +0000 2025 - Executing "{openroad -exit /openlane/scripts/openroad/floorplan.tcl |& tee /dev/null /openlane/designs/new/runs/run1/logs/floorplan/3-initial_fp.log}"

Thu Feb 27 11:07:12 +0000 2025 - Executing "{openroad -exit -no_init -python /openlane/scripts/odbpy/snap_to_grid.py --output /openlane/designs/new/runs/run1/tmp/floorplan/3-minimized_pdn.txt --input-lef /openlane/designs/new/runs/run1/tmp/merged.nom.lef 3.9099999999999997 3.7399999999999993 7.819999999999999 7.479999999999999}"

Thu Feb 27 11:07:12 +0000 2025 - Executing "{openroad -exit -no_init -python /openlane/scripts/odbpy/defutil.py extract_core_dims --output-data /openlane/designs/new/runs/run1/tmp/dimensions.txt --input-lef /openlane/designs/new/runs/run1/tmp/merged.nom.lef /openlane/designs/new/runs/run1/tmp/floorplan/3-initial_fp.def}"

Thu Feb 27 11:07:13 +0000 2025 - Executing "openroad -exit /openlane/scripts/openroad/ioplacer.tcl |& tee /dev/null /openlane/designs/new/runs/run1/logs/floorplan/4-io.log"

Thu Feb 27 11:07:13 +0000 2025 - Executing "{openroad -exit /openlane/scripts/openroad/ioplacer.tcl |& tee /dev/null /openlane/designs/new/runs/run1/logs/floorplan/4-io.log}"

Thu Feb 27 11:07:13 +0000 2025 - Executing "openroad -exit /openlane/scripts/openroad/tapcell.tcl |& tee /dev/null /openlane/designs/new/runs/run1/logs/floorplan/5-tap.log"

Thu Feb 27 11:07:13 +0000 2025 - Executing "{openroad -exit /openlane/scripts/openroad/tapcell.tcl |& tee /dev/null /openlane/designs/new/runs/run1/logs/floorplan/5-tap.log}"

Thu Feb 27 11:07:14 +0000 2025 - Executing "openroad -exit /openlane/scripts/openroad/pdn.tcl |& tee /dev/null /openlane/designs/new/runs/run1/logs/floorplan/6-pdn.log"

Thu Feb 27 11:07:14 +0000 2025 - Executing "{openroad -exit /openlane/scripts/openroad/pdn.tcl |& tee /dev/null /openlane/designs/new/runs/run1/logs/floorplan/6-pdn.log}"

Thu Feb 27 11:12:41 +0000 2025 - Executing "openroad -exit /openlane/scripts/openroad/gpl.tcl |& tee /dev/null /openlane/designs/new/runs/run1/logs/placement/6-global_skip_io.log"

Thu Feb 27 11:12:41 +0000 2025 - Executing "{openroad -exit /openlane/scripts/openroad/gpl.tcl |& tee /dev/null /openlane/designs/new/runs/run1/logs/placement/6-global_skip_io.log}"

Thu Feb 27 11:12:42 +0000 2025 - Executing "{sed -i.bak -e {s/\(set ::env(CURRENT_NETLIST)\).*/\1 \/openlane\/designs\/new\/runs\/run1\/tmp\/placement\/7-global_skip_io.nl.v/} /openlane/designs/new/runs/run1/config.tcl}"

Thu Feb 27 11:12:42 +0000 2025 - Executing "openroad -exit /openlane/scripts/openroad/sta/multi_corner.tcl |& tee /dev/null /openlane/designs/new/runs/run1/logs/placement/8-gpl_sta.log"

Thu Feb 27 11:12:42 +0000 2025 - Executing "{openroad -exit /openlane/scripts/openroad/sta/multi_corner.tcl |& tee /dev/null /openlane/designs/new/runs/run1/logs/placement/8-gpl_sta.log}"

Thu Feb 27 11:12:42 +0000 2025 - Executing "openroad -exit /openlane/scripts/openroad/ioplacer.tcl |& tee /dev/null /openlane/designs/new/runs/run1/logs/placement/9-io.log"

Thu Feb 27 11:12:42 +0000 2025 - Executing "{openroad -exit /openlane/scripts/openroad/ioplacer.tcl |& tee /dev/null /openlane/designs/new/runs/run1/logs/placement/9-io.log}"

Thu Feb 27 11:12:43 +0000 2025 - Executing "openroad -exit /openlane/scripts/openroad/gpl.tcl |& tee /dev/null /openlane/designs/new/runs/run1/logs/placement/9-global.log"

Thu Feb 27 11:12:43 +0000 2025 - Executing "{openroad -exit /openlane/scripts/openroad/gpl.tcl |& tee /dev/null /openlane/designs/new/runs/run1/logs/placement/9-global.log}"

Thu Feb 27 11:12:44 +0000 2025 - Executing "{sed -i.bak -e {s/\(set ::env(CURRENT_NETLIST)\).*/\1 \/openlane\/designs\/new\/runs\/run1\/tmp\/placement\/10-global.nl.v/} /openlane/designs/new/runs/run1/config.tcl}"

Thu Feb 27 11:12:44 +0000 2025 - Executing "openroad -exit /openlane/scripts/openroad/sta/multi_corner.tcl |& tee /dev/null /openlane/designs/new/runs/run1/logs/placement/11-gpl_sta.log"

Thu Feb 27 11:12:44 +0000 2025 - Executing "{openroad -exit /openlane/scripts/openroad/sta/multi_corner.tcl |& tee /dev/null /openlane/designs/new/runs/run1/logs/placement/11-gpl_sta.log}"

Thu Feb 27 11:12:44 +0000 2025 - Executing "openroad -exit /openlane/scripts/openroad/resizer.tcl |& tee /dev/null /openlane/designs/new/runs/run1/logs/placement/12-resizer.log"

Thu Feb 27 11:12:44 +0000 2025 - Executing "{openroad -exit /openlane/scripts/openroad/resizer.tcl |& tee /dev/null /openlane/designs/new/runs/run1/logs/placement/12-resizer.log}"

Thu Feb 27 11:12:46 +0000 2025 - Executing "{sed -i.bak -e {s/\(set ::env(CURRENT_NETLIST)\).*/\1 \/openlane\/designs\/new\/runs\/run1\/tmp\/placement\/12-resizer.nl.v/} /openlane/designs/new/runs/run1/config.tcl}"

Thu Feb 27 11:12:46 +0000 2025 - Executing "openroad -exit /openlane/scripts/openroad/dpl.tcl |& tee /dev/null /openlane/designs/new/runs/run1/logs/placement/13-detailed.log"

Thu Feb 27 11:12:46 +0000 2025 - Executing "{openroad -exit /openlane/scripts/openroad/dpl.tcl |& tee /dev/null /openlane/designs/new/runs/run1/logs/placement/13-detailed.log}"

Thu Feb 27 11:12:47 +0000 2025 - Executing "{sed -i.bak -e {s/\(set ::env(CURRENT_NETLIST)\).*/\1 \/openlane\/designs\/new\/runs\/run1\/results\/placement\/new.nl.v/} /openlane/designs/new/runs/run1/config.tcl}"

Thu Feb 27 11:12:47 +0000 2025 - Executing "openroad -exit /openlane/scripts/openroad/sta/multi_corner.tcl |& tee /dev/null /openlane/designs/new/runs/run1/logs/placement/14-dpl_sta.log"

Thu Feb 27 11:12:47 +0000 2025 - Executing "{openroad -exit /openlane/scripts/openroad/sta/multi_corner.tcl |& tee /dev/null /openlane/designs/new/runs/run1/logs/placement/14-dpl_sta.log}"

Thu Feb 27 11:13:12 +0000 2025 - Executing "openroad -exit /openlane/scripts/openroad/resizer_routing_design.tcl |& tee /dev/null /openlane/designs/new/runs/run1/logs/routing/15-resizer_design.log"

Thu Feb 27 11:13:12 +0000 2025 - Executing "{openroad -exit /openlane/scripts/openroad/resizer_routing_design.tcl |& tee /dev/null /openlane/designs/new/runs/run1/logs/routing/15-resizer_design.log}"

Thu Feb 27 11:13:14 +0000 2025 - Executing "{sed -i.bak -e {s/\(set ::env(CURRENT_NETLIST)\).*/\1 \/openlane\/designs\/new\/runs\/run1\/tmp\/15-new.nl.v/} /openlane/designs/new/runs/run1/config.tcl}"

Thu Feb 27 11:13:14 +0000 2025 - Executing "openroad -exit /openlane/scripts/openroad/sta/multi_corner.tcl |& tee /dev/null /openlane/designs/new/runs/run1/logs/routing/16-rsz_design_sta.log"

Thu Feb 27 11:13:14 +0000 2025 - Executing "{openroad -exit /openlane/scripts/openroad/sta/multi_corner.tcl |& tee /dev/null /openlane/designs/new/runs/run1/logs/routing/16-rsz_design_sta.log}"

Thu Feb 27 11:13:14 +0000 2025 - Executing "openroad -exit /openlane/scripts/openroad/resizer_routing_timing.tcl |& tee /dev/null /openlane/designs/new/runs/run1/logs/routing/17-resizer_timing.log"

Thu Feb 27 11:13:14 +0000 2025 - Executing "{openroad -exit /openlane/scripts/openroad/resizer_routing_timing.tcl |& tee /dev/null /openlane/designs/new/runs/run1/logs/routing/17-resizer_timing.log}"

Thu Feb 27 11:13:16 +0000 2025 - Executing "{sed -i.bak -e {s/\(set ::env(CURRENT_NETLIST)\).*/\1 \/openlane\/designs\/new\/runs\/run1\/tmp\/17-new.nl.v/} /openlane/designs/new/runs/run1/config.tcl}"

Thu Feb 27 11:13:16 +0000 2025 - Executing "openroad -exit /openlane/scripts/openroad/sta/multi_corner.tcl |& tee /dev/null /openlane/designs/new/runs/run1/logs/routing/18-rsz_timing_sta.log"

Thu Feb 27 11:13:16 +0000 2025 - Executing "{openroad -exit /openlane/scripts/openroad/sta/multi_corner.tcl |& tee /dev/null /openlane/designs/new/runs/run1/logs/routing/18-rsz_timing_sta.log}"

Thu Feb 27 11:13:17 +0000 2025 - Executing "openroad -exit /openlane/scripts/openroad/repair_antennas.tcl |& tee /dev/null /openlane/designs/new/runs/run1/logs/routing/19-global.log"

Thu Feb 27 11:13:17 +0000 2025 - Executing "{openroad -exit /openlane/scripts/openroad/repair_antennas.tcl |& tee /dev/null /openlane/designs/new/runs/run1/logs/routing/19-global.log}"

Thu Feb 27 11:13:17 +0000 2025 - Executing "openroad -exit /openlane/scripts/openroad/write_views.tcl |& tee /dev/null /openlane/designs/new/runs/run1/logs/routing/19-global_write_netlist.log"

Thu Feb 27 11:13:17 +0000 2025 - Executing "{openroad -exit /openlane/scripts/openroad/write_views.tcl |& tee /dev/null /openlane/designs/new/runs/run1/logs/routing/19-global_write_netlist.log}"

Thu Feb 27 11:13:18 +0000 2025 - Executing "{sed -i.bak -e {s/\(set ::env(CURRENT_NETLIST)\).*/\1 \/openlane\/designs\/new\/runs\/run1\/tmp\/routing\/global.nl.v/} /openlane/designs/new/runs/run1/config.tcl}"

Thu Feb 27 11:13:18 +0000 2025 - Executing "openroad -exit /openlane/scripts/openroad/sta/multi_corner.tcl |& tee /dev/null /openlane/designs/new/runs/run1/logs/routing/21-grt_sta.log"

Thu Feb 27 11:13:18 +0000 2025 - Executing "{openroad -exit /openlane/scripts/openroad/sta/multi_corner.tcl |& tee /dev/null /openlane/designs/new/runs/run1/logs/routing/21-grt_sta.log}"

Thu Feb 27 11:13:19 +0000 2025 - Executing "openroad -exit /openlane/scripts/openroad/fill.tcl |& tee /dev/null /openlane/designs/new/runs/run1/logs/routing/22-fill.log"

Thu Feb 27 11:13:19 +0000 2025 - Executing "{openroad -exit /openlane/scripts/openroad/fill.tcl |& tee /dev/null /openlane/designs/new/runs/run1/logs/routing/22-fill.log}"

Thu Feb 27 11:13:19 +0000 2025 - Executing "{sed -i.bak -e {s/\(set ::env(CURRENT_NETLIST)\).*/\1 \/openlane\/designs\/new\/runs\/run1\/tmp\/routing\/22-fill.nl.v/} /openlane/designs/new/runs/run1/config.tcl}"

Thu Feb 27 11:13:19 +0000 2025 - Executing "openroad -exit -metrics /openlane/designs/new/runs/run1/reports/routing/23-drt_metrics.json /openlane/scripts/openroad/droute.tcl |& tee /dev/null /openlane/designs/new/runs/run1/logs/routing/23-detailed.log"

Thu Feb 27 11:13:19 +0000 2025 - Executing "{openroad -exit -metrics /openlane/designs/new/runs/run1/reports/routing/23-drt_metrics.json /openlane/scripts/openroad/droute.tcl |& tee /dev/null /openlane/designs/new/runs/run1/logs/routing/23-detailed.log}"

Thu Feb 27 11:13:21 +0000 2025 - Executing "{sed -i.bak -e {s/\(set ::env(CURRENT_NETLIST)\).*/\1 \/openlane\/designs\/new\/runs\/run1\/results\/routing\/new.nl.v/} /openlane/designs/new/runs/run1/config.tcl}"

Thu Feb 27 11:13:21 +0000 2025 - Executing "{python3 /openlane/scripts/drc_rosetta.py tr to_klayout -o /openlane/designs/new/runs/run1/reports/routing/drt.klayout.xml --design-name new /openlane/designs/new/runs/run1/reports/routing/drt.drc}"

Thu Feb 27 11:13:21 +0000 2025 - Executing "{openroad -exit -no_init -python /openlane/scripts/odbpy/wire_lengths.py --report-out /openlane/designs/new/runs/run1/reports/routing/24-wire_lengths.csv --input-lef /openlane/designs/new/runs/run1/tmp/merged.nom.lef --output-def /openlane/designs/new/runs/run1/results/routing/new.def --output /openlane/designs/new/runs/run1/results/routing/new.odb /openlane/designs/new/runs/run1/results/routing/new.odb |& tee /dev/null /openlane/designs/new/runs/run1/logs/routing/24-wire_lengths.log}"

Thu Feb 27 11:13:47 +0000 2025 - Executing "magic -noconsole -dnull -rcfile /home/codespace/.volare/sky130A/libs.tech/magic/sky130A.magicrc < /openlane/scripts/magic/wrapper.tcl |& tee /dev/null /openlane/designs/new/runs/run1/logs/signoff/25-gdsii.log"

Thu Feb 27 11:13:47 +0000 2025 - Executing "{magic -noconsole -dnull -rcfile /home/codespace/.volare/sky130A/libs.tech/magic/sky130A.magicrc < /openlane/scripts/magic/wrapper.tcl |& tee /dev/null /openlane/designs/new/runs/run1/logs/signoff/25-gdsii.log}"

Thu Feb 27 11:13:47 +0000 2025 - Executing "magic -noconsole -dnull -rcfile /home/codespace/.volare/sky130A/libs.tech/magic/sky130A.magicrc < /openlane/scripts/magic/wrapper.tcl |& tee /dev/null /openlane/designs/new/runs/run1/logs/signoff/25-gds_ptrs.log"

Thu Feb 27 11:13:47 +0000 2025 - Executing "{magic -noconsole -dnull -rcfile /home/codespace/.volare/sky130A/libs.tech/magic/sky130A.magicrc < /openlane/scripts/magic/wrapper.tcl |& tee /dev/null /openlane/designs/new/runs/run1/logs/signoff/25-gds_ptrs.log}"

Thu Feb 27 11:13:47 +0000 2025 - Executing "{sed -i.bak -n {/^<< properties >>/,/^<< end >>/p} /openlane/designs/new/runs/run1/tmp/signoff/gds_ptrs.mag}"

Thu Feb 27 11:13:47 +0000 2025 - Executing "magic -noconsole -dnull -rcfile /home/codespace/.volare/sky130A/libs.tech/magic/sky130A.magicrc < /openlane/scripts/magic/wrapper.tcl |& tee /dev/null /openlane/designs/new/runs/run1/logs/signoff/25-lef.log"

Thu Feb 27 11:13:47 +0000 2025 - Executing "{magic -noconsole -dnull -rcfile /home/codespace/.volare/sky130A/libs.tech/magic/sky130A.magicrc < /openlane/scripts/magic/wrapper.tcl |& tee /dev/null /openlane/designs/new/runs/run1/logs/signoff/25-lef.log}"

Thu Feb 27 11:13:47 +0000 2025 - Executing "magic -noconsole -dnull -rcfile /home/codespace/.volare/sky130A/libs.tech/magic/sky130A.magicrc < /openlane/scripts/magic/wrapper.tcl |& tee /dev/null /openlane/designs/new/runs/run1/logs/signoff/25-maglef.log"

Thu Feb 27 11:13:47 +0000 2025 - Executing "{magic -noconsole -dnull -rcfile /home/codespace/.volare/sky130A/libs.tech/magic/sky130A.magicrc < /openlane/scripts/magic/wrapper.tcl |& tee /dev/null /openlane/designs/new/runs/run1/logs/signoff/25-maglef.log}"

